<?xml version="1.0" encoding="UTF-8"?>
<testsuite xmlns:xsi="http://www.w3.org/2001/XMLSchema-instance" xsi:noNamespaceSchemaLocation="https://maven.apache.org/surefire/maven-surefire-plugin/xsd/surefire-test-report.xsd" name="TestSuite" time="1.463" tests="18" errors="0" skipped="17" failures="1">
  <properties>
[...]
</properties>
  <testcase name="testSetup" classname="AnCrypto.Tests.walletScreenTests.walletScreenTestCasesSend" time="1.322">
    <failure message="Connection refused: connect&#10;Build info: version: &apos;3.141.59&apos;, revision: &apos;e82be7d358&apos;, time: &apos;2018-11-14T08:17:03&apos;&#10;System info: host: &apos;SHIVA-ATR632&apos;, ip: &apos;172.15.14.83&apos;, os.name: &apos;Windows 11&apos;, os.arch: &apos;amd64&apos;, os.version: &apos;10.0&apos;, java.version: &apos;11.0.16.1&apos;&#10;Driver info: driver.version: AppiumDriver" type="org.openqa.selenium.WebDriverException">org.openqa.selenium.WebDriverException: 
Connection refused: connect
Build info: version: '3.141.59', revision: 'e82be7d358', time: '2018-11-14T08:17:03'
System info: host: 'SHIVA-ATR632', ip: '172.15.14.83', os.name: 'Windows 11', os.arch: 'amd64', os.version: '10.0', java.version: '11.0.16.1'
Driver info: driver.version: AppiumDriver
	at AnCrypto.Tests.walletScreenTests.walletScreenTestCasesSend.testSetup(walletScreenTestCasesSend.java:15)
Caused by: java.net.ConnectException: Connection refused: connect
	at AnCrypto.Tests.walletScreenTests.walletScreenTestCasesSend.testSetup(walletScreenTestCasesSend.java:15)
</failure>
    <system-err><![CDATA[SLF4J: Failed to load class "org.slf4j.impl.StaticLoggerBinder".
SLF4J: Defaulting to no-operation (NOP) logger implementation
SLF4J: See http://www.slf4j.org/codes.html#StaticLoggerBinder for further details.
]]></system-err>
  </testcase>
  <testcase name="testSetup" classname="AnCrypto.Tests.walletScreenTests.walletScreenTestCasesSend" time="0">
    <skipped/>
  </testcase>
  <testcase name="testSetup" classname="AnCrypto.Tests.walletScreenTests.walletScreenTestCasesSend" time="0">
    <skipped/>
  </testcase>
  <testcase name="testSetup" classname="AnCrypto.Tests.walletScreenTests.walletScreenTestCasesSend" time="0">
    <skipped/>
  </testcase>
  <testcase name="testSetup" classname="AnCrypto.Tests.walletScreenTests.walletScreenTestCasesSend" time="0">
    <skipped/>
  </testcase>
  <testcase name="testSetup" classname="AnCrypto.Tests.walletScreenTests.walletScreenTestCasesSend" time="0">
    <skipped/>
  </testcase>
  <testcase name="walletScreenTestsCheckAddressContactHomeButton" classname="AnCrypto.Tests.walletScreenTests.walletScreenTestCasesSend" time="0">
    <skipped message="Connection refused: connect&#10;Build info: version: &apos;3.141.59&apos;, revision: &apos;e82be7d358&apos;, time: &apos;2018-11-14T08:17:03&apos;&#10;System info: host: &apos;SHIVA-ATR632&apos;, ip: &apos;172.15.14.83&apos;, os.name: &apos;Windows 11&apos;, os.arch: &apos;amd64&apos;, os.version: &apos;10.0&apos;, java.version: &apos;11.0.16.1&apos;&#10;Driver info: driver.version: AppiumDriver"/>
  </testcase>
  <testcase name="testCleanup" classname="AnCrypto.Tests.walletScreenTests.walletScreenTestCasesSend" time="0">
    <skipped/>
  </testcase>
  <testcase name="testCleanup" classname="AnCrypto.Tests.walletScreenTests.walletScreenTestCasesSend" time="0">
    <skipped/>
  </testcase>
  <testcase name="testCleanup" classname="AnCrypto.Tests.walletScreenTests.walletScreenTestCasesSend" time="0">
    <skipped/>
  </testcase>
  <testcase name="testCleanup" classname="AnCrypto.Tests.walletScreenTests.walletScreenTestCasesSend" time="0">
    <skipped/>
  </testcase>
  <testcase name="testCleanup" classname="AnCrypto.Tests.walletScreenTests.walletScreenTestCasesSend" time="0">
    <skipped/>
  </testcase>
  <testcase name="testCleanup" classname="AnCrypto.Tests.walletScreenTests.walletScreenTestCasesSend" time="0">
    <skipped/>
  </testcase>
  <testcase name="walletScreenTestsCheckSendCurrencyAdvancedOptionsSubmitEmpty" classname="AnCrypto.Tests.walletScreenTests.walletScreenTestCasesSend" time="0">
    <skipped message="Connection refused: connect&#10;Build info: version: &apos;3.141.59&apos;, revision: &apos;e82be7d358&apos;, time: &apos;2018-11-14T08:17:03&apos;&#10;System info: host: &apos;SHIVA-ATR632&apos;, ip: &apos;172.15.14.83&apos;, os.name: &apos;Windows 11&apos;, os.arch: &apos;amd64&apos;, os.version: &apos;10.0&apos;, java.version: &apos;11.0.16.1&apos;&#10;Driver info: driver.version: AppiumDriver"/>
  </testcase>
  <testcase name="walletScreenTestsCheckSendCurrencyMaxAmount" classname="AnCrypto.Tests.walletScreenTests.walletScreenTestCasesSend" time="0">
    <skipped message="Connection refused: connect&#10;Build info: version: &apos;3.141.59&apos;, revision: &apos;e82be7d358&apos;, time: &apos;2018-11-14T08:17:03&apos;&#10;System info: host: &apos;SHIVA-ATR632&apos;, ip: &apos;172.15.14.83&apos;, os.name: &apos;Windows 11&apos;, os.arch: &apos;amd64&apos;, os.version: &apos;10.0&apos;, java.version: &apos;11.0.16.1&apos;&#10;Driver info: driver.version: AppiumDriver"/>
  </testcase>
  <testcase name="walletScreenTestsCheckSendCurrencyClickSlowAverageFastOptions" classname="AnCrypto.Tests.walletScreenTests.walletScreenTestCasesSend" time="0">
    <skipped message="Connection refused: connect&#10;Build info: version: &apos;3.141.59&apos;, revision: &apos;e82be7d358&apos;, time: &apos;2018-11-14T08:17:03&apos;&#10;System info: host: &apos;SHIVA-ATR632&apos;, ip: &apos;172.15.14.83&apos;, os.name: &apos;Windows 11&apos;, os.arch: &apos;amd64&apos;, os.version: &apos;10.0&apos;, java.version: &apos;11.0.16.1&apos;&#10;Driver info: driver.version: AppiumDriver"/>
  </testcase>
  <testcase name="walletScreenTestsCheckSendCurrencyEnterInvalidAddressAndAndValidAmountClickSend" classname="AnCrypto.Tests.walletScreenTests.walletScreenTestCasesSend" time="0">
    <skipped message="Connection refused: connect&#10;Build info: version: &apos;3.141.59&apos;, revision: &apos;e82be7d358&apos;, time: &apos;2018-11-14T08:17:03&apos;&#10;System info: host: &apos;SHIVA-ATR632&apos;, ip: &apos;172.15.14.83&apos;, os.name: &apos;Windows 11&apos;, os.arch: &apos;amd64&apos;, os.version: &apos;10.0&apos;, java.version: &apos;11.0.16.1&apos;&#10;Driver info: driver.version: AppiumDriver"/>
  </testcase>
  <testcase name="walletScreenTestsCheckSendCurrencyEnterValidAddressAndInvalidAmountAndClickSend" classname="AnCrypto.Tests.walletScreenTests.walletScreenTestCasesSend" time="0">
    <skipped message="Connection refused: connect&#10;Build info: version: &apos;3.141.59&apos;, revision: &apos;e82be7d358&apos;, time: &apos;2018-11-14T08:17:03&apos;&#10;System info: host: &apos;SHIVA-ATR632&apos;, ip: &apos;172.15.14.83&apos;, os.name: &apos;Windows 11&apos;, os.arch: &apos;amd64&apos;, os.version: &apos;10.0&apos;, java.version: &apos;11.0.16.1&apos;&#10;Driver info: driver.version: AppiumDriver"/>
  </testcase>
</testsuite>